Warnings in file C:\Users\Kaye\Desktop\ComStruc 50.002\alchitry\500021D\ALU\source\main_fsm.luc:
    Line 6, Column 4 : "rd2" was never used
    Line 5, Column 4 : "alu" was never used
Warnings in file C:\Users\Kaye\Desktop\ComStruc 50.002\alchitry\500021D\ALU\source\au_top.luc:
    Line 10, Column 4 : "io_button" was never used
Starting Vivado...

****** Vivado v2020.1 (64-bit)
  **** SW Build 2902540 on Wed May 27 19:54:49 MDT 2020
  **** IP Build 2902112 on Wed May 27 22:43:36 MDT 2020
    ** Copyright 1986-2020 Xilinx, Inc. All Rights Reserved.

source {C:\Users\Kaye\Desktop\ComStruc 50.002\alchitry\500021D\ALU\work\project.tcl}
# set projDir "C:/Users/Kaye/Desktop/ComStruc\ 50.002/alchitry/500021D/ALU/work/vivado"
# set projName "ALU"
# set topName top
# set device xc7a35tftg256-1
# if {[file exists "$projDir/$projName"]} { file delete -force "$projDir/$projName" }
# create_project $projName "$projDir/$projName" -part $device
# set_property design_mode RTL [get_filesets sources_1]
# set verilogSources [list "C:/Users/Kaye/Desktop/ComStruc\ 50.002/alchitry/500021D/ALU/work/verilog/au_top_0.v" "C:/Users/Kaye/Desktop/ComStruc\ 50.002/alchitry/500021D/ALU/work/verilog/alu__1.v" "C:/Users/Kaye/Desktop/ComStruc\ 50.002/alchitry/500021D/ALU/work/verilog/reset_conditioner_2.v" "C:/Users/Kaye/Desktop/ComStruc\ 50.002/alchitry/500021D/ALU/work/verilog/alu_adder_3.v" "C:/Users/Kaye/Desktop/ComStruc\ 50.002/alchitry/500021D/ALU/work/verilog/alu_shifter_4.v" "C:/Users/Kaye/Desktop/ComStruc\ 50.002/alchitry/500021D/ALU/work/verilog/alu_bool_5.v" "C:/Users/Kaye/Desktop/ComStruc\ 50.002/alchitry/500021D/ALU/work/verilog/alu_cmp_6.v" "C:/Users/Kaye/Desktop/ComStruc\ 50.002/alchitry/500021D/ALU/work/verilog/alu_mul_7.v" "C:/Users/Kaye/Desktop/ComStruc\ 50.002/alchitry/500021D/ALU/work/verilog/alu_mod_8.v" "C:/Users/Kaye/Desktop/ComStruc\ 50.002/alchitry/500021D/ALU/work/verilog/alu_shift_12_add_9.v" "C:/Users/Kaye/Desktop/ComStruc\ 50.002/alchitry/500021D/ALU/work/verilog/full_adder_10.v" "C:/Users/Kaye/Desktop/ComStruc\ 50.002/alchitry/500021D/ALU/work/verilog/alu_adder_XB_11.v" "C:/Users/Kaye/Desktop/ComStruc\ 50.002/alchitry/500021D/ALU/work/verilog/alu_shiftleft_12.v" "C:/Users/Kaye/Desktop/ComStruc\ 50.002/alchitry/500021D/ALU/work/verilog/alu_shiftright_13.v" "C:/Users/Kaye/Desktop/ComStruc\ 50.002/alchitry/500021D/ALU/work/verilog/alu_shiftright_mux_14.v" ]
# import_files -fileset [get_filesets sources_1] -force -norecurse $verilogSources
# set xdcSources [list "C:/Users/Kaye/Desktop/ComStruc\ 50.002/alchitry/500021D/ALU/work/constraint/alchitry.xdc" "C:/Users/Kaye/Desktop/ComStruc\ 50.002/alchitry/500021D/ALU/work/constraint/io.xdc" "C:/Program\ Files/Alchitry/Alchitry\ Labs/library/components/au.xdc" ]
# read_xdc $xdcSources
# set_property STEPS.WRITE_BITSTREAM.ARGS.BIN_FILE true [get_runs impl_1]
# update_compile_order -fileset sources_1
# launch_runs -runs synth_1 -jobs 8

[Tue Nov 17 18:42:37 2020] Launched synth_1...
Run output will be captured here: C:/Users/Kaye/Desktop/ComStruc 50.002/alchitry/500021D/ALU/work/vivado/ALU/ALU.runs/synth_1/runme.log
# wait_on_run synth_1
[Tue Nov 17 18:42:37 2020] Waiting for synth_1 to finish...

*** Running vivado
    with args -log au_top_0.vds -m64 -product Vivado -mode batch -messageDb vivado.pb -notrace -source au_top_0.tcl



****** Vivado v2020.1 (64-bit)
  **** SW Build 2902540 on Wed May 27 19:54:49 MDT 2020
  **** IP Build 2902112 on Wed May 27 22:43:36 MDT 2020
    ** Copyright 1986-2020 Xilinx, Inc. All Rights Reserved.

source au_top_0.tcl -notrace
Command: synth_design -top au_top_0 -part xc7a35tftg256-1
Starting synth_design
Attempting to get a license for feature 'Synthesis' and/or device 'xc7a35t'
INFO: [Common 17-349] Got license for feature 'Synthesis' and/or device 'xc7a35t'
INFO: [Device 21-403] Loading part xc7a35tftg256-1
INFO: [Synth 8-7079] Multithreading enabled for synth_design using a maximum of 2 processes.
INFO: [Synth 8-7078] Launching helper process for spawning children vivado processes
INFO: [Synth 8-7075] Helper process launched with PID 8844
---------------------------------------------------------------------------------
Starting RTL Elaboration : Time (s): cpu = 00:00:04 ; elapsed = 00:00:04 . Memory (MB): peak = 1014.137 ; gain = 0.000
---------------------------------------------------------------------------------
INFO: [Synth 8-6157] synthesizing module 'au_top_0' [C:/Users/Kaye/Desktop/ComStruc 50.002/alchitry/500021D/ALU/work/vivado/ALU/ALU.srcs/sources_1/imports/verilog/au_top_0.v:7]
INFO: [Synth 8-6157] synthesizing module 'alu__1' [C:/Users/Kaye/Desktop/ComStruc 50.002/alchitry/500021D/ALU/work/vivado/ALU/ALU.srcs/sources_1/imports/verilog/alu__1.v:7]
INFO: [Synth 8-6157] synthesizing module 'alu_adder_3' [C:/Users/Kaye/Desktop/ComStruc 50.002/alchitry/500021D/ALU/work/vivado/ALU/ALU.srcs/sources_1/imports/verilog/alu_adder_3.v:7]
INFO: [Synth 8-6157] synthesizing module 'full_adder_10' [C:/Users/Kaye/Desktop/ComStruc 50.002/alchitry/500021D/ALU/work/vivado/ALU/ALU.srcs/sources_1/imports/verilog/full_adder_10.v:7]
INFO: [Synth 8-6155] done synthesizing module 'full_adder_10' (1#1) [C:/Users/Kaye/Desktop/ComStruc 50.002/alchitry/500021D/ALU/work/vivado/ALU/ALU.srcs/sources_1/imports/verilog/full_adder_10.v:7]
INFO: [Synth 8-6157] synthesizing module 'alu_adder_XB_11' [C:/Users/Kaye/Desktop/ComStruc 50.002/alchitry/500021D/ALU/work/vivado/ALU/ALU.srcs/sources_1/imports/verilog/alu_adder_XB_11.v:7]
INFO: [Synth 8-6155] done synthesizing module 'alu_adder_XB_11' (2#1) [C:/Users/Kaye/Desktop/ComStruc 50.002/alchitry/500021D/ALU/work/vivado/ALU/ALU.srcs/sources_1/imports/verilog/alu_adder_XB_11.v:7]
INFO: [Synth 8-6155] done synthesizing module 'alu_adder_3' (3#1) [C:/Users/Kaye/Desktop/ComStruc 50.002/alchitry/500021D/ALU/work/vivado/ALU/ALU.srcs/sources_1/imports/verilog/alu_adder_3.v:7]
INFO: [Synth 8-6157] synthesizing module 'alu_shifter_4' [C:/Users/Kaye/Desktop/ComStruc 50.002/alchitry/500021D/ALU/work/vivado/ALU/ALU.srcs/sources_1/imports/verilog/alu_shifter_4.v:7]
INFO: [Synth 8-6157] synthesizing module 'alu_shiftleft_12' [C:/Users/Kaye/Desktop/ComStruc 50.002/alchitry/500021D/ALU/work/vivado/ALU/ALU.srcs/sources_1/imports/verilog/alu_shiftleft_12.v:7]
INFO: [Synth 8-226] default block is never used [C:/Users/Kaye/Desktop/ComStruc 50.002/alchitry/500021D/ALU/work/vivado/ALU/ALU.srcs/sources_1/imports/verilog/alu_shiftleft_12.v:23]
INFO: [Synth 8-226] default block is never used [C:/Users/Kaye/Desktop/ComStruc 50.002/alchitry/500021D/ALU/work/vivado/ALU/ALU.srcs/sources_1/imports/verilog/alu_shiftleft_12.v:36]
INFO: [Synth 8-226] default block is never used [C:/Users/Kaye/Desktop/ComStruc 50.002/alchitry/500021D/ALU/work/vivado/ALU/ALU.srcs/sources_1/imports/verilog/alu_shiftleft_12.v:49]
INFO: [Synth 8-226] default block is never used [C:/Users/Kaye/Desktop/ComStruc 50.002/alchitry/500021D/ALU/work/vivado/ALU/ALU.srcs/sources_1/imports/verilog/alu_shiftleft_12.v:62]
INFO: [Synth 8-6155] done synthesizing module 'alu_shiftleft_12' (4#1) [C:/Users/Kaye/Desktop/ComStruc 50.002/alchitry/500021D/ALU/work/vivado/ALU/ALU.srcs/sources_1/imports/verilog/alu_shiftleft_12.v:7]
INFO: [Synth 8-6157] synthesizing module 'alu_shiftright_13' [C:/Users/Kaye/Desktop/ComStruc 50.002/alchitry/500021D/ALU/work/vivado/ALU/ALU.srcs/sources_1/imports/verilog/alu_shiftright_13.v:7]
INFO: [Synth 8-6157] synthesizing module 'alu_shiftright_mux_14' [C:/Users/Kaye/Desktop/ComStruc 50.002/alchitry/500021D/ALU/work/vivado/ALU/ALU.srcs/sources_1/imports/verilog/alu_shiftright_mux_14.v:7]
INFO: [Synth 8-226] default block is never used [C:/Users/Kaye/Desktop/ComStruc 50.002/alchitry/500021D/ALU/work/vivado/ALU/ALU.srcs/sources_1/imports/verilog/alu_shiftright_mux_14.v:17]
INFO: [Synth 8-6155] done synthesizing module 'alu_shiftright_mux_14' (5#1) [C:/Users/Kaye/Desktop/ComStruc 50.002/alchitry/500021D/ALU/work/vivado/ALU/ALU.srcs/sources_1/imports/verilog/alu_shiftright_mux_14.v:7]
INFO: [Synth 8-226] default block is never used [C:/Users/Kaye/Desktop/ComStruc 50.002/alchitry/500021D/ALU/work/vivado/ALU/ALU.srcs/sources_1/imports/verilog/alu_shiftright_13.v:38]
INFO: [Synth 8-226] default block is never used [C:/Users/Kaye/Desktop/ComStruc 50.002/alchitry/500021D/ALU/work/vivado/ALU/ALU.srcs/sources_1/imports/verilog/alu_shiftright_13.v:51]
INFO: [Synth 8-226] default block is never used [C:/Users/Kaye/Desktop/ComStruc 50.002/alchitry/500021D/ALU/work/vivado/ALU/ALU.srcs/sources_1/imports/verilog/alu_shiftright_13.v:64]
INFO: [Synth 8-226] default block is never used [C:/Users/Kaye/Desktop/ComStruc 50.002/alchitry/500021D/ALU/work/vivado/ALU/ALU.srcs/sources_1/imports/verilog/alu_shiftright_13.v:77]
INFO: [Synth 8-6155] done synthesizing module 'alu_shiftright_13' (6#1) [C:/Users/Kaye/Desktop/ComStruc 50.002/alchitry/500021D/ALU/work/vivado/ALU/ALU.srcs/sources_1/imports/verilog/alu_shiftright_13.v:7]
INFO: [Synth 8-226] default block is never used [C:/Users/Kaye/Desktop/ComStruc 50.002/alchitry/500021D/ALU/work/vivado/ALU/ALU.srcs/sources_1/imports/verilog/alu_shifter_4.v:43]
INFO: [Synth 8-6155] done synthesizing module 'alu_shifter_4' (7#1) [C:/Users/Kaye/Desktop/ComStruc 50.002/alchitry/500021D/ALU/work/vivado/ALU/ALU.srcs/sources_1/imports/verilog/alu_shifter_4.v:7]
INFO: [Synth 8-6157] synthesizing module 'alu_bool_5' [C:/Users/Kaye/Desktop/ComStruc 50.002/alchitry/500021D/ALU/work/vivado/ALU/ALU.srcs/sources_1/imports/verilog/alu_bool_5.v:7]
INFO: [Synth 8-6155] done synthesizing module 'alu_bool_5' (8#1) [C:/Users/Kaye/Desktop/ComStruc 50.002/alchitry/500021D/ALU/work/vivado/ALU/ALU.srcs/sources_1/imports/verilog/alu_bool_5.v:7]
INFO: [Synth 8-6157] synthesizing module 'alu_cmp_6' [C:/Users/Kaye/Desktop/ComStruc 50.002/alchitry/500021D/ALU/work/vivado/ALU/ALU.srcs/sources_1/imports/verilog/alu_cmp_6.v:7]
INFO: [Synth 8-155] case statement is not full and has no default [C:/Users/Kaye/Desktop/ComStruc 50.002/alchitry/500021D/ALU/work/vivado/ALU/ALU.srcs/sources_1/imports/verilog/alu_cmp_6.v:26]
INFO: [Synth 8-6155] done synthesizing module 'alu_cmp_6' (9#1) [C:/Users/Kaye/Desktop/ComStruc 50.002/alchitry/500021D/ALU/work/vivado/ALU/ALU.srcs/sources_1/imports/verilog/alu_cmp_6.v:7]
INFO: [Synth 8-6157] synthesizing module 'alu_mul_7' [C:/Users/Kaye/Desktop/ComStruc 50.002/alchitry/500021D/ALU/work/vivado/ALU/ALU.srcs/sources_1/imports/verilog/alu_mul_7.v:7]
INFO: [Synth 8-6155] done synthesizing module 'alu_mul_7' (10#1) [C:/Users/Kaye/Desktop/ComStruc 50.002/alchitry/500021D/ALU/work/vivado/ALU/ALU.srcs/sources_1/imports/verilog/alu_mul_7.v:7]
INFO: [Synth 8-6157] synthesizing module 'alu_mod_8' [C:/Users/Kaye/Desktop/ComStruc 50.002/alchitry/500021D/ALU/work/vivado/ALU/ALU.srcs/sources_1/imports/verilog/alu_mod_8.v:7]
INFO: [Synth 8-6155] done synthesizing module 'alu_mod_8' (11#1) [C:/Users/Kaye/Desktop/ComStruc 50.002/alchitry/500021D/ALU/work/vivado/ALU/ALU.srcs/sources_1/imports/verilog/alu_mod_8.v:7]
INFO: [Synth 8-6157] synthesizing module 'alu_shift_12_add_9' [C:/Users/Kaye/Desktop/ComStruc 50.002/alchitry/500021D/ALU/work/vivado/ALU/ALU.srcs/sources_1/imports/verilog/alu_shift_12_add_9.v:7]
INFO: [Synth 8-226] default block is never used [C:/Users/Kaye/Desktop/ComStruc 50.002/alchitry/500021D/ALU/work/vivado/ALU/ALU.srcs/sources_1/imports/verilog/alu_shift_12_add_9.v:66]
INFO: [Synth 8-6155] done synthesizing module 'alu_shift_12_add_9' (12#1) [C:/Users/Kaye/Desktop/ComStruc 50.002/alchitry/500021D/ALU/work/vivado/ALU/ALU.srcs/sources_1/imports/verilog/alu_shift_12_add_9.v:7]
INFO: [Synth 8-6155] done synthesizing module 'alu__1' (13#1) [C:/Users/Kaye/Desktop/ComStruc 50.002/alchitry/500021D/ALU/work/vivado/ALU/ALU.srcs/sources_1/imports/verilog/alu__1.v:7]
INFO: [Synth 8-6157] synthesizing module 'reset_conditioner_2' [C:/Users/Kaye/Desktop/ComStruc 50.002/alchitry/500021D/ALU/work/vivado/ALU/ALU.srcs/sources_1/imports/verilog/reset_conditioner_2.v:11]
	Parameter STAGES bound to: 3'b100 
INFO: [Synth 8-6155] done synthesizing module 'reset_conditioner_2' (14#1) [C:/Users/Kaye/Desktop/ComStruc 50.002/alchitry/500021D/ALU/work/vivado/ALU/ALU.srcs/sources_1/imports/verilog/reset_conditioner_2.v:11]
INFO: [Synth 8-6155] done synthesizing module 'au_top_0' (15#1) [C:/Users/Kaye/Desktop/ComStruc 50.002/alchitry/500021D/ALU/work/vivado/ALU/ALU.srcs/sources_1/imports/verilog/au_top_0.v:7]
---------------------------------------------------------------------------------
Finished RTL Elaboration : Time (s): cpu = 00:00:05 ; elapsed = 00:00:05 . Memory (MB): peak = 1014.137 ; gain = 0.000
---------------------------------------------------------------------------------
---------------------------------------------------------------------------------
Start Handling Custom Attributes
---------------------------------------------------------------------------------
---------------------------------------------------------------------------------
Finished Handling Custom Attributes : Time (s): cpu = 00:00:05 ; elapsed = 00:00:05 . Memory (MB): peak = 1014.137 ; gain = 0.000
---------------------------------------------------------------------------------
---------------------------------------------------------------------------------
Finished RTL Optimization Phase 1 : Time (s): cpu = 00:00:05 ; elapsed = 00:00:05 . Memory (MB): peak = 1014.137 ; gain = 0.000
---------------------------------------------------------------------------------
Netlist sorting complete. Time (s): cpu = 00:00:00 ; elapsed = 00:00:00.098 . Memory (MB): peak = 1014.137 ; gain = 0.000
INFO: [Project 1-570] Preparing netlist for logic optimization

Processing XDC Constraints
Initializing timing engine
Parsing XDC File [C:/Users/Kaye/Desktop/ComStruc 50.002/alchitry/500021D/ALU/work/constraint/alchitry.xdc]
Finished Parsing XDC File [C:/Users/Kaye/Desktop/ComStruc 50.002/alchitry/500021D/ALU/work/constraint/alchitry.xdc]
INFO: [Project 1-236] Implementation specific constraints were found while reading constraint file [C:/Users/Kaye/Desktop/ComStruc 50.002/alchitry/500021D/ALU/work/constraint/alchitry.xdc]. These constraints will be ignored for synthesis but will be used in implementation. Impacted constraints are listed in the file [.Xil/au_top_0_propImpl.xdc].
Resolution: To avoid this warning, move constraints listed in [.Xil/au_top_0_propImpl.xdc] to another XDC file and exclude this new file from synthesis with the used_in_synthesis property (File Properties dialog in GUI) and re-run elaboration/synthesis.
Parsing XDC File [C:/Users/Kaye/Desktop/ComStruc 50.002/alchitry/500021D/ALU/work/constraint/io.xdc]
Finished Parsing XDC File [C:/Users/Kaye/Desktop/ComStruc 50.002/alchitry/500021D/ALU/work/constraint/io.xdc]
INFO: [Project 1-236] Implementation specific constraints were found while reading constraint file [C:/Users/Kaye/Desktop/ComStruc 50.002/alchitry/500021D/ALU/work/constraint/io.xdc]. These constraints will be ignored for synthesis but will be used in implementation. Impacted constraints are listed in the file [.Xil/au_top_0_propImpl.xdc].
Resolution: To avoid this warning, move constraints listed in [.Xil/au_top_0_propImpl.xdc] to another XDC file and exclude this new file from synthesis with the used_in_synthesis property (File Properties dialog in GUI) and re-run elaboration/synthesis.
Parsing XDC File [C:/Program Files/Alchitry/Alchitry Labs/library/components/au.xdc]
Finished Parsing XDC File [C:/Program Files/Alchitry/Alchitry Labs/library/components/au.xdc]
Completed Processing XDC Constraints

Netlist sorting complete. Time (s): cpu = 00:00:00 ; elapsed = 00:00:00.007 . Memory (MB): peak = 1014.137 ; gain = 0.000
INFO: [Project 1-111] Unisim Transformation Summary:
No Unisim elements were transformed.

Constraint Validation Runtime : Time (s): cpu = 00:00:00 ; elapsed = 00:00:00.025 . Memory (MB): peak = 1014.137 ; gain = 0.000
---------------------------------------------------------------------------------
Finished Constraint Validation : Time (s): cpu = 00:00:12 ; elapsed = 00:00:12 . Memory (MB): peak = 1014.137 ; gain = 0.000
---------------------------------------------------------------------------------
---------------------------------------------------------------------------------
Start Loading Part and Timing Information
---------------------------------------------------------------------------------
Loading part: xc7a35tftg256-1
---------------------------------------------------------------------------------
Finished Loading Part and Timing Information : Time (s): cpu = 00:00:12 ; elapsed = 00:00:12 . Memory (MB): peak = 1014.137 ; gain = 0.000
---------------------------------------------------------------------------------
---------------------------------------------------------------------------------
Start Applying 'set_property' XDC Constraints
---------------------------------------------------------------------------------
---------------------------------------------------------------------------------
Finished applying 'set_property' XDC Constraints : Time (s): cpu = 00:00:12 ; elapsed = 00:00:12 . Memory (MB): peak = 1014.137 ; gain = 0.000
---------------------------------------------------------------------------------
WARNING: [Synth 8-327] inferring latch for variable 'q_reg' [C:/Users/Kaye/Desktop/ComStruc 50.002/alchitry/500021D/ALU/work/vivado/ALU/ALU.srcs/sources_1/imports/verilog/alu_cmp_6.v:28]
WARNING: [Synth 8-327] inferring latch for variable 'M_shifter_alufn_reg' [C:/Users/Kaye/Desktop/ComStruc 50.002/alchitry/500021D/ALU/work/vivado/ALU/ALU.srcs/sources_1/imports/verilog/alu_shift_12_add_9.v:42]
WARNING: [Synth 8-327] inferring latch for variable 'M_shifter_a_reg' [C:/Users/Kaye/Desktop/ComStruc 50.002/alchitry/500021D/ALU/work/vivado/ALU/ALU.srcs/sources_1/imports/verilog/alu_shift_12_add_9.v:43]
WARNING: [Synth 8-327] inferring latch for variable 'M_shifter_b_reg' [C:/Users/Kaye/Desktop/ComStruc 50.002/alchitry/500021D/ALU/work/vivado/ALU/ALU.srcs/sources_1/imports/verilog/alu_shift_12_add_9.v:44]
---------------------------------------------------------------------------------
Finished RTL Optimization Phase 2 : Time (s): cpu = 00:00:12 ; elapsed = 00:00:13 . Memory (MB): peak = 1014.137 ; gain = 0.000
---------------------------------------------------------------------------------
---------------------------------------------------------------------------------
Start RTL Component Statistics 
---------------------------------------------------------------------------------
Detailed RTL Component Info : 
+---XORs : 
	   2 Input      1 Bit         XORs := 529   
	   3 Input      1 Bit         XORs := 528   
+---Registers : 
	               16 Bit    Registers := 2     
	                4 Bit    Registers := 1     
+---Muxes : 
	   2 Input   16 Bit        Muxes := 476   
	   4 Input   16 Bit        Muxes := 2     
	   8 Input   16 Bit        Muxes := 1     
	   2 Input    4 Bit        Muxes := 68    
	  20 Input    3 Bit        Muxes := 1     
	   4 Input    2 Bit        Muxes := 1     
	   2 Input    1 Bit        Muxes := 68    
	   4 Input    1 Bit        Muxes := 18    
---------------------------------------------------------------------------------
Finished RTL Component Statistics 
---------------------------------------------------------------------------------
---------------------------------------------------------------------------------
Start Part Resource Summary
---------------------------------------------------------------------------------
Part Resources:
DSPs: 90 (col length:60)
BRAMs: 100 (col length: RAMB18 60 RAMB36 30)
---------------------------------------------------------------------------------
Finished Part Resource Summary
---------------------------------------------------------------------------------
---------------------------------------------------------------------------------
Start Cross Boundary and Area Optimization
---------------------------------------------------------------------------------
---------------------------------------------------------------------------------
Finished Cross Boundary and Area Optimization : Time (s): cpu = 00:00:20 ; elapsed = 00:00:21 . Memory (MB): peak = 1014.137 ; gain = 0.000
---------------------------------------------------------------------------------
---------------------------------------------------------------------------------
Start Applying XDC Timing Constraints
---------------------------------------------------------------------------------
---------------------------------------------------------------------------------
Finished Applying XDC Timing Constraints : Time (s): cpu = 00:00:27 ; elapsed = 00:00:28 . Memory (MB): peak = 1014.137 ; gain = 0.000
---------------------------------------------------------------------------------
---------------------------------------------------------------------------------
Start Timing Optimization
---------------------------------------------------------------------------------
---------------------------------------------------------------------------------
Finished Timing Optimization : Time (s): cpu = 00:00:27 ; elapsed = 00:00:28 . Memory (MB): peak = 1014.137 ; gain = 0.000
---------------------------------------------------------------------------------
---------------------------------------------------------------------------------
Start Technology Mapping
---------------------------------------------------------------------------------
---------------------------------------------------------------------------------
Finished Technology Mapping : Time (s): cpu = 00:00:28 ; elapsed = 00:00:28 . Memory (MB): peak = 1019.637 ; gain = 5.500
---------------------------------------------------------------------------------
---------------------------------------------------------------------------------
Start IO Insertion
---------------------------------------------------------------------------------
---------------------------------------------------------------------------------
Start Flattening Before IO Insertion
---------------------------------------------------------------------------------
---------------------------------------------------------------------------------
Finished Flattening Before IO Insertion
---------------------------------------------------------------------------------
---------------------------------------------------------------------------------
Start Final Netlist Cleanup
---------------------------------------------------------------------------------
---------------------------------------------------------------------------------
Finished Final Netlist Cleanup
---------------------------------------------------------------------------------
---------------------------------------------------------------------------------
Finished IO Insertion : Time (s): cpu = 00:00:31 ; elapsed = 00:00:32 . Memory (MB): peak = 1025.457 ; gain = 11.320
---------------------------------------------------------------------------------
---------------------------------------------------------------------------------
Start Renaming Generated Instances
---------------------------------------------------------------------------------
---------------------------------------------------------------------------------
Finished Renaming Generated Instances : Time (s): cpu = 00:00:31 ; elapsed = 00:00:32 . Memory (MB): peak = 1025.457 ; gain = 11.320
---------------------------------------------------------------------------------
---------------------------------------------------------------------------------
Start Rebuilding User Hierarchy
---------------------------------------------------------------------------------
---------------------------------------------------------------------------------
Finished Rebuilding User Hierarchy : Time (s): cpu = 00:00:31 ; elapsed = 00:00:32 . Memory (MB): peak = 1025.457 ; gain = 11.320
---------------------------------------------------------------------------------
---------------------------------------------------------------------------------
Start Renaming Generated Ports
---------------------------------------------------------------------------------
---------------------------------------------------------------------------------
Finished Renaming Generated Ports : Time (s): cpu = 00:00:31 ; elapsed = 00:00:32 . Memory (MB): peak = 1025.457 ; gain = 11.320
---------------------------------------------------------------------------------
---------------------------------------------------------------------------------
Start Handling Custom Attributes
---------------------------------------------------------------------------------
---------------------------------------------------------------------------------
Finished Handling Custom Attributes : Time (s): cpu = 00:00:31 ; elapsed = 00:00:32 . Memory (MB): peak = 1025.457 ; gain = 11.320
---------------------------------------------------------------------------------
---------------------------------------------------------------------------------
Start Renaming Generated Nets
---------------------------------------------------------------------------------
---------------------------------------------------------------------------------
Finished Renaming Generated Nets : Time (s): cpu = 00:00:31 ; elapsed = 00:00:32 . Memory (MB): peak = 1025.457 ; gain = 11.320
---------------------------------------------------------------------------------
---------------------------------------------------------------------------------
Start Writing Synthesis Report
---------------------------------------------------------------------------------

Report BlackBoxes: 
+-+--------------+----------+
| |BlackBox name |Instances |
+-+--------------+----------+
+-+--------------+----------+

Report Cell Usage: 
+------+-------+------+
|      |Cell   |Count |
+------+-------+------+
|1     |BUFG   |     1|
|2     |CARRY4 |    80|
|3     |LUT1   |    33|
|4     |LUT2   |    35|
|5     |LUT3   |   289|
|6     |LUT4   |    48|
|7     |LUT5   |   174|
|8     |LUT6   |   286|
|9     |MUXF7  |     7|
|10    |FDRE   |    32|
|11    |FDSE   |     4|
|12    |LD     |     5|
|13    |IBUF   |    26|
|14    |OBUF   |    45|
+------+-------+------+
---------------------------------------------------------------------------------
Finished Writing Synthesis Report : Time (s): cpu = 00:00:31 ; elapsed = 00:00:32 . Memory (MB): peak = 1025.457 ; gain = 11.320
---------------------------------------------------------------------------------
Synthesis finished with 0 errors, 0 critical warnings and 4 warnings.
Synthesis Optimization Runtime : Time (s): cpu = 00:00:23 ; elapsed = 00:00:29 . Memory (MB): peak = 1025.457 ; gain = 11.320
Synthesis Optimization Complete : Time (s): cpu = 00:00:31 ; elapsed = 00:00:32 . Memory (MB): peak = 1025.457 ; gain = 11.320
INFO: [Project 1-571] Translating synthesized netlist
Netlist sorting complete. Time (s): cpu = 00:00:00 ; elapsed = 00:00:00.017 . Memory (MB): peak = 1025.457 ; gain = 0.000
INFO: [Netlist 29-17] Analyzing 92 Unisim elements for replacement
INFO: [Netlist 29-28] Unisim Transformation completed in 0 CPU seconds
INFO: [Project 1-570] Preparing netlist for logic optimization
INFO: [Opt 31-138] Pushed 0 inverter(s) to 0 load pin(s).
Netlist sorting complete. Time (s): cpu = 00:00:00 ; elapsed = 00:00:00 . Memory (MB): peak = 1025.457 ; gain = 0.000
INFO: [Project 1-111] Unisim Transformation Summary:
  A total of 5 instances were transformed.
  LD => LDCE: 5 instances

INFO: [Common 17-83] Releasing license: Synthesis
58 Infos, 4 Warnings, 0 Critical Warnings and 0 Errors encountered.
synth_design completed successfully
synth_design: Time (s): cpu = 00:00:36 ; elapsed = 00:00:38 . Memory (MB): peak = 1025.457 ; gain = 11.320
INFO: [Common 17-1381] The checkpoint 'C:/Users/Kaye/Desktop/ComStruc 50.002/alchitry/500021D/ALU/work/vivado/ALU/ALU.runs/synth_1/au_top_0.dcp' has been generated.
INFO: [runtcl-4] Executing : report_utilization -file au_top_0_utilization_synth.rpt -pb au_top_0_utilization_synth.pb
INFO: [Common 17-206] Exiting Vivado at Tue Nov 17 18:43:19 2020...
[Tue Nov 17 18:43:22 2020] synth_1 finished
wait_on_run: Time (s): cpu = 00:00:00 ; elapsed = 00:00:45 . Memory (MB): peak = 1014.152 ; gain = 0.000
# launch_runs impl_1 -to_step write_bitstream -jobs 8
[Tue Nov 17 18:43:22 2020] Launched impl_1...
Run output will be captured here: C:/Users/Kaye/Desktop/ComStruc 50.002/alchitry/500021D/ALU/work/vivado/ALU/ALU.runs/impl_1/runme.log
# wait_on_run impl_1
[Tue Nov 17 18:43:22 2020] Waiting for impl_1 to finish...


*** Running vivado
    with args -log au_top_0.vdi -applog -m64 -product Vivado -messageDb vivado.pb -mode batch -source au_top_0.tcl -notrace



****** Vivado v2020.1 (64-bit)
  **** SW Build 2902540 on Wed May 27 19:54:49 MDT 2020
  **** IP Build 2902112 on Wed May 27 22:43:36 MDT 2020
    ** Copyright 1986-2020 Xilinx, Inc. All Rights Reserved.

source au_top_0.tcl -notrace
Command: link_design -top au_top_0 -part xc7a35tftg256-1
Design is defaulting to srcset: sources_1
Design is defaulting to constrset: constrs_1
INFO: [Device 21-403] Loading part xc7a35tftg256-1
Netlist sorting complete. Time (s): cpu = 00:00:00 ; elapsed = 00:00:00.012 . Memory (MB): peak = 1012.945 ; gain = 0.000
INFO: [Netlist 29-17] Analyzing 87 Unisim elements for replacement
INFO: [Netlist 29-28] Unisim Transformation completed in 0 CPU seconds
INFO: [Project 1-479] Netlist was created with Vivado 2020.1
INFO: [Project 1-570] Preparing netlist for logic optimization
Parsing XDC File [C:/Users/Kaye/Desktop/ComStruc 50.002/alchitry/500021D/ALU/work/constraint/alchitry.xdc]
Finished Parsing XDC File [C:/Users/Kaye/Desktop/ComStruc 50.002/alchitry/500021D/ALU/work/constraint/alchitry.xdc]
Parsing XDC File [C:/Users/Kaye/Desktop/ComStruc 50.002/alchitry/500021D/ALU/work/constraint/io.xdc]
Finished Parsing XDC File [C:/Users/Kaye/Desktop/ComStruc 50.002/alchitry/500021D/ALU/work/constraint/io.xdc]
Parsing XDC File [C:/Program Files/Alchitry/Alchitry Labs/library/components/au.xdc]
Finished Parsing XDC File [C:/Program Files/Alchitry/Alchitry Labs/library/components/au.xdc]
INFO: [Opt 31-138] Pushed 0 inverter(s) to 0 load pin(s).
Netlist sorting complete. Time (s): cpu = 00:00:00 ; elapsed = 00:00:00 . Memory (MB): peak = 1012.945 ; gain = 0.000
INFO: [Project 1-111] Unisim Transformation Summary:
No Unisim elements were transformed.

7 Infos, 0 Warnings, 0 Critical Warnings and 0 Errors encountered.
link_design completed successfully
link_design: Time (s): cpu = 00:00:06 ; elapsed = 00:00:06 . Memory (MB): peak = 1012.945 ; gain = 0.000
Command: opt_design
Attempting to get a license for feature 'Implementation' and/or device 'xc7a35t'
INFO: [Common 17-349] Got license for feature 'Implementation' and/or device 'xc7a35t'
Running DRC as a precondition to command opt_design

Starting DRC Task
INFO: [DRC 23-27] Running DRC with 2 threads
INFO: [Project 1-461] DRC finished with 0 Errors
INFO: [Project 1-462] Please refer to the DRC report (report_drc) for more information.

Time (s): cpu = 00:00:01 ; elapsed = 00:00:00.809 . Memory (MB): peak = 1012.945 ; gain = 0.000

Starting Cache Timing Information Task
INFO: [Timing 38-35] Done setting XDC timing constraints.
Ending Cache Timing Information Task | Checksum: 312fb462

Time (s): cpu = 00:00:08 ; elapsed = 00:00:08 . Memory (MB): peak = 1243.504 ; gain = 230.559

Starting Logic Optimization Task

Phase 1 Retarget
INFO: [Opt 31-138] Pushed 0 inverter(s) to 0 load pin(s).
INFO: [Opt 31-49] Retargeted 0 cell(s).
Phase 1 Retarget | Checksum: 312fb462

Time (s): cpu = 00:00:00 ; elapsed = 00:00:00.047 . Memory (MB): peak = 1445.746 ; gain = 0.000
INFO: [Opt 31-389] Phase Retarget created 0 cells and removed 0 cells

Phase 2 Constant propagation
INFO: [Opt 31-138] Pushed 0 inverter(s) to 0 load pin(s).
Phase 2 Constant propagation | Checksum: 312fb462

Time (s): cpu = 00:00:00 ; elapsed = 00:00:00.055 . Memory (MB): peak = 1445.746 ; gain = 0.000
INFO: [Opt 31-389] Phase Constant propagation created 0 cells and removed 0 cells

Phase 3 Sweep
Phase 3 Sweep | Checksum: 9af1199d

Time (s): cpu = 00:00:00 ; elapsed = 00:00:00.075 . Memory (MB): peak = 1445.746 ; gain = 0.000
INFO: [Opt 31-389] Phase Sweep created 0 cells and removed 0 cells

Phase 4 BUFG optimization
Phase 4 BUFG optimization | Checksum: 9af1199d

Time (s): cpu = 00:00:00 ; elapsed = 00:00:00.102 . Memory (MB): peak = 1445.746 ; gain = 0.000
INFO: [Opt 31-662] Phase BUFG optimization created 0 cells of which 0 are BUFGs and removed 0 cells.

Phase 5 Shift Register Optimization
INFO: [Opt 31-1064] SRL Remap converted 0 SRLs to 0 registers and converted 0 registers of register chains to 0 SRLs
Phase 5 Shift Register Optimization | Checksum: 9af1199d

Time (s): cpu = 00:00:00 ; elapsed = 00:00:00.114 . Memory (MB): peak = 1445.746 ; gain = 0.000
INFO: [Opt 31-389] Phase Shift Register Optimization created 0 cells and removed 0 cells

Phase 6 Post Processing Netlist
Phase 6 Post Processing Netlist | Checksum: 9af1199d

Time (s): cpu = 00:00:00 ; elapsed = 00:00:00.118 . Memory (MB): peak = 1445.746 ; gain = 0.000
INFO: [Opt 31-389] Phase Post Processing Netlist created 0 cells and removed 0 cells
Opt_design Change Summary
=========================


-------------------------------------------------------------------------------------------------------------------------
|  Phase                        |  #Cells created  |  #Cells Removed  |  #Constrained objects preventing optimizations  |
-------------------------------------------------------------------------------------------------------------------------
|  Retarget                     |               0  |               0  |                                              0  |
|  Constant propagation         |               0  |               0  |                                              0  |
|  Sweep                        |               0  |               0  |                                              0  |
|  BUFG optimization            |               0  |               0  |                                              0  |
|  Shift Register Optimization  |               0  |               0  |                                              0  |
|  Post Processing Netlist      |               0  |               0  |                                              0  |
-------------------------------------------------------------------------------------------------------------------------



Starting Connectivity Check Task

Time (s): cpu = 00:00:00 ; elapsed = 00:00:00.003 . Memory (MB): peak = 1445.746 ; gain = 0.000
Ending Logic Optimization Task | Checksum: e1b3a736

Time (s): cpu = 00:00:00 ; elapsed = 00:00:00.152 . Memory (MB): peak = 1445.746 ; gain = 0.000

Starting Power Optimization Task
INFO: [Pwropt 34-132] Skipping clock gating for clocks with a period < 2.00 ns.
Ending Power Optimization Task | Checksum: e1b3a736

Time (s): cpu = 00:00:00 ; elapsed = 00:00:00.012 . Memory (MB): peak = 1445.746 ; gain = 0.000

Starting Final Cleanup Task
Ending Final Cleanup Task | Checksum: e1b3a736

Time (s): cpu = 00:00:00 ; elapsed = 00:00:00 . Memory (MB): peak = 1445.746 ; gain = 0.000

Starting Netlist Obfuscation Task
Netlist sorting complete. Time (s): cpu = 00:00:00 ; elapsed = 00:00:00.001 . Memory (MB): peak = 1445.746 ; gain = 0.000
Ending Netlist Obfuscation Task | Checksum: e1b3a736

Time (s): cpu = 00:00:00 ; elapsed = 00:00:00.001 . Memory (MB): peak = 1445.746 ; gain = 0.000
INFO: [Common 17-83] Releasing license: Implementation
24 Infos, 0 Warnings, 0 Critical Warnings and 0 Errors encountered.
opt_design completed successfully
opt_design: Time (s): cpu = 00:00:11 ; elapsed = 00:00:11 . Memory (MB): peak = 1445.746 ; gain = 432.801
INFO: [Timing 38-480] Writing timing data to binary archive.
Writing placer database...
Writing XDEF routing.
Writing XDEF routing logical nets.
Writing XDEF routing special nets.
Write XDEF Complete: Time (s): cpu = 00:00:00 ; elapsed = 00:00:00.039 . Memory (MB): peak = 1445.746 ; gain = 0.000
INFO: [Common 17-1381] The checkpoint 'C:/Users/Kaye/Desktop/ComStruc 50.002/alchitry/500021D/ALU/work/vivado/ALU/ALU.runs/impl_1/au_top_0_opt.dcp' has been generated.
INFO: [runtcl-4] Executing : report_drc -file au_top_0_drc_opted.rpt -pb au_top_0_drc_opted.pb -rpx au_top_0_drc_opted.rpx
Command: report_drc -file au_top_0_drc_opted.rpt -pb au_top_0_drc_opted.pb -rpx au_top_0_drc_opted.rpx
INFO: [IP_Flow 19-234] Refreshing IP repositories
INFO: [IP_Flow 19-1704] No user IP repositories specified
INFO: [IP_Flow 19-2313] Loaded Vivado IP repository 'C:/Xilinx/Vivado/2020.1/data/ip'.
INFO: [DRC 23-27] Running DRC with 2 threads
INFO: [Coretcl 2-168] The results of DRC are in file C:/Users/Kaye/Desktop/ComStruc 50.002/alchitry/500021D/ALU/work/vivado/ALU/ALU.runs/impl_1/au_top_0_drc_opted.rpt.
report_drc completed successfully
Command: place_design
Attempting to get a license for feature 'Implementation' and/or device 'xc7a35t'
INFO: [Common 17-349] Got license for feature 'Implementation' and/or device 'xc7a35t'
INFO: [DRC 23-27] Running DRC with 2 threads
INFO: [Vivado_Tcl 4-198] DRC finished with 0 Errors
INFO: [Vivado_Tcl 4-199] Please refer to the DRC report (report_drc) for more information.
Running DRC as a precondition to command place_design
INFO: [DRC 23-27] Running DRC with 2 threads
INFO: [Vivado_Tcl 4-198] DRC finished with 0 Errors
INFO: [Vivado_Tcl 4-199] Please refer to the DRC report (report_drc) for more information.

Starting Placer Task
INFO: [Place 30-611] Multithreading enabled for place_design using a maximum of 2 CPUs

Phase 1 Placer Initialization

Phase 1.1 Placer Initialization Netlist Sorting
Netlist sorting complete. Time (s): cpu = 00:00:00 ; elapsed = 00:00:00 . Memory (MB): peak = 1445.746 ; gain = 0.000
Phase 1.1 Placer Initialization Netlist Sorting | Checksum: a786a438

Time (s): cpu = 00:00:00 ; elapsed = 00:00:00.005 . Memory (MB): peak = 1445.746 ; gain = 0.000
Netlist sorting complete. Time (s): cpu = 00:00:00 ; elapsed = 00:00:00.001 . Memory (MB): peak = 1445.746 ; gain = 0.000

Phase 1.2 IO Placement/ Clock Placement/ Build Placer Device
INFO: [Timing 38-35] Done setting XDC timing constraints.
Phase 1.2 IO Placement/ Clock Placement/ Build Placer Device | Checksum: 134d6897e

Time (s): cpu = 00:00:01 ; elapsed = 00:00:00.724 . Memory (MB): peak = 1445.746 ; gain = 0.000

Phase 1.3 Build Placer Netlist Model
Phase 1.3 Build Placer Netlist Model | Checksum: 22d814c50

Time (s): cpu = 00:00:01 ; elapsed = 00:00:00.903 . Memory (MB): peak = 1445.746 ; gain = 0.000

Phase 1.4 Constrain Clocks/Macros
Phase 1.4 Constrain Clocks/Macros | Checksum: 22d814c50

Time (s): cpu = 00:00:01 ; elapsed = 00:00:00.905 . Memory (MB): peak = 1445.746 ; gain = 0.000
Phase 1 Placer Initialization | Checksum: 22d814c50

Time (s): cpu = 00:00:01 ; elapsed = 00:00:00.909 . Memory (MB): peak = 1445.746 ; gain = 0.000

Phase 2 Global Placement

Phase 2.1 Floorplanning
Phase 2.1 Floorplanning | Checksum: 18294fddd

Time (s): cpu = 00:00:01 ; elapsed = 00:00:00.967 . Memory (MB): peak = 1445.746 ; gain = 0.000

Phase 2.2 Global Placement Core

Phase 2.2.1 Physical Synthesis In Placer
INFO: [Physopt 32-1035] Found 0 LUTNM shape to break, 16 LUT instances to create LUTNM shape
INFO: [Physopt 32-1044] Break lutnm for timing: one critical 0, two critical 0, total 0, new lutff created 0
INFO: [Physopt 32-775] End 1 Pass. Optimized 6 nets or cells. Created 0 new cell, deleted 6 existing cells and moved 0 existing cell
INFO: [Physopt 32-65] No nets found for high-fanout optimization.
INFO: [Physopt 32-232] Optimized 0 net. Created 0 new instance.
INFO: [Physopt 32-775] End 1 Pass. Optimized 0 net or cell. Created 0 new cell, deleted 0 existing cell and moved 0 existing cell
INFO: [Physopt 32-670] No setup violation found.  DSP Register Optimization was not performed.
INFO: [Physopt 32-670] No setup violation found.  Shift Register to Pipeline Optimization was not performed.
INFO: [Physopt 32-670] No setup violation found.  Shift Register Optimization was not performed.
INFO: [Physopt 32-670] No setup violation found.  BRAM Register Optimization was not performed.
INFO: [Physopt 32-670] No setup violation found.  URAM Register Optimization was not performed.
INFO: [Physopt 32-949] No candidate nets found for HD net replication
INFO: [Physopt 32-775] End 1 Pass. Optimized 0 net or cell. Created 0 new cell, deleted 0 existing cell and moved 0 existing cell
Netlist sorting complete. Time (s): cpu = 00:00:00 ; elapsed = 00:00:00 . Memory (MB): peak = 1445.746 ; gain = 0.000

Summary of Physical Synthesis Optimizations
============================================


-----------------------------------------------------------------------------------------------------------------------------------------------------------
|  Optimization                                     |  Added Cells  |  Removed Cells  |  Optimized Cells/Nets  |  Dont Touch  |  Iterations  |  Elapsed   |
-----------------------------------------------------------------------------------------------------------------------------------------------------------
|  LUT Combining                                    |            0  |              6  |                     6  |           0  |           1  |  00:00:00  |
|  Very High Fanout                                 |            0  |              0  |                     0  |           0  |           1  |  00:00:00  |
|  DSP Register                                     |            0  |              0  |                     0  |           0  |           0  |  00:00:00  |
|  Shift Register to Pipeline                       |            0  |              0  |                     0  |           0  |           0  |  00:00:00  |
|  Shift Register                                   |            0  |              0  |                     0  |           0  |           0  |  00:00:00  |
|  BRAM Register                                    |            0  |              0  |                     0  |           0  |           0  |  00:00:00  |
|  URAM Register                                    |            0  |              0  |                     0  |           0  |           0  |  00:00:00  |
|  Dynamic/Static Region Interface Net Replication  |            0  |              0  |                     0  |           0  |           1  |  00:00:00  |
|  Total                                            |            0  |              6  |                     6  |           0  |           3  |  00:00:00  |
-----------------------------------------------------------------------------------------------------------------------------------------------------------


Phase 2.2.1 Physical Synthesis In Placer | Checksum: 193b7bede

Time (s): cpu = 00:00:03 ; elapsed = 00:00:02 . Memory (MB): peak = 1445.746 ; gain = 0.000
Phase 2.2 Global Placement Core | Checksum: 261e34928

Time (s): cpu = 00:00:03 ; elapsed = 00:00:02 . Memory (MB): peak = 1445.746 ; gain = 0.000
Phase 2 Global Placement | Checksum: 261e34928

Time (s): cpu = 00:00:03 ; elapsed = 00:00:02 . Memory (MB): peak = 1445.746 ; gain = 0.000

Phase 3 Detail Placement

Phase 3.1 Commit Multi Column Macros
Phase 3.1 Commit Multi Column Macros | Checksum: 1c7deb364

Time (s): cpu = 00:00:03 ; elapsed = 00:00:02 . Memory (MB): peak = 1445.746 ; gain = 0.000

Phase 3.2 Commit Most Macros & LUTRAMs
Phase 3.2 Commit Most Macros & LUTRAMs | Checksum: 1bbc3859f

Time (s): cpu = 00:00:04 ; elapsed = 00:00:02 . Memory (MB): peak = 1445.746 ; gain = 0.000

Phase 3.3 Area Swap Optimization
Phase 3.3 Area Swap Optimization | Checksum: 1c804aaa5

Time (s): cpu = 00:00:04 ; elapsed = 00:00:02 . Memory (MB): peak = 1445.746 ; gain = 0.000

Phase 3.4 Pipeline Register Optimization
Phase 3.4 Pipeline Register Optimization | Checksum: 1d4f4d970

Time (s): cpu = 00:00:04 ; elapsed = 00:00:02 . Memory (MB): peak = 1445.746 ; gain = 0.000

Phase 3.5 Small Shape Detail Placement
Phase 3.5 Small Shape Detail Placement | Checksum: 195cb996f

Time (s): cpu = 00:00:04 ; elapsed = 00:00:02 . Memory (MB): peak = 1445.746 ; gain = 0.000

Phase 3.6 Re-assign LUT pins
Phase 3.6 Re-assign LUT pins | Checksum: 1d089bddf

Time (s): cpu = 00:00:04 ; elapsed = 00:00:02 . Memory (MB): peak = 1445.746 ; gain = 0.000

Phase 3.7 Pipeline Register Optimization
Phase 3.7 Pipeline Register Optimization | Checksum: 1807b7a17

Time (s): cpu = 00:00:04 ; elapsed = 00:00:02 . Memory (MB): peak = 1445.746 ; gain = 0.000
Phase 3 Detail Placement | Checksum: 1807b7a17

Time (s): cpu = 00:00:04 ; elapsed = 00:00:02 . Memory (MB): peak = 1445.746 ; gain = 0.000

Phase 4 Post Placement Optimization and Clean-Up

Phase 4.1 Post Commit Optimization
INFO: [Timing 38-35] Done setting XDC timing constraints.

Phase 4.1.1 Post Placement Optimization
Post Placement Optimization Initialization | Checksum: 1c2d01b63

Phase 4.1.1.1 BUFG Insertion

Starting Physical Synthesis Task

Phase 1 Physical Synthesis Initialization
INFO: [Physopt 32-721] Multithreading enabled for phys_opt_design using a maximum of 2 CPUs
INFO: [Physopt 32-619] Estimated Timing Summary | WNS=8.159 | TNS=0.000 |
Phase 1 Physical Synthesis Initialization | Checksum: 1b702cec8

Time (s): cpu = 00:00:00 ; elapsed = 00:00:00.036 . Memory (MB): peak = 1455.430 ; gain = 0.000
INFO: [Place 46-56] BUFG insertion identified 0 candidate nets. Inserted BUFG: 0, Replicated BUFG Driver: 0, Skipped due to Placement/Routing Conflicts: 0, Skipped due to Timing Degradation: 0, Skipped due to Illegal Netlist: 0.
Ending Physical Synthesis Task | Checksum: 179f43384

Time (s): cpu = 00:00:00 ; elapsed = 00:00:00.038 . Memory (MB): peak = 1455.430 ; gain = 0.000
Phase 4.1.1.1 BUFG Insertion | Checksum: 1c2d01b63

Time (s): cpu = 00:00:04 ; elapsed = 00:00:03 . Memory (MB): peak = 1455.430 ; gain = 9.684
INFO: [Place 30-746] Post Placement Timing Summary WNS=8.159. For the most accurate timing information please run report_timing.
Phase 4.1.1 Post Placement Optimization | Checksum: 14fd0b7f8

Time (s): cpu = 00:00:04 ; elapsed = 00:00:03 . Memory (MB): peak = 1455.430 ; gain = 9.684
Phase 4.1 Post Commit Optimization | Checksum: 14fd0b7f8

Time (s): cpu = 00:00:04 ; elapsed = 00:00:03 . Memory (MB): peak = 1455.430 ; gain = 9.684

Phase 4.2 Post Placement Cleanup
Phase 4.2 Post Placement Cleanup | Checksum: 14fd0b7f8

Time (s): cpu = 00:00:04 ; elapsed = 00:00:03 . Memory (MB): peak = 1455.430 ; gain = 9.684

Phase 4.3 Placer Reporting
Phase 4.3 Placer Reporting | Checksum: 14fd0b7f8

Time (s): cpu = 00:00:04 ; elapsed = 00:00:03 . Memory (MB): peak = 1455.430 ; gain = 9.684

Phase 4.4 Final Placement Cleanup
Netlist sorting complete. Time (s): cpu = 00:00:00 ; elapsed = 00:00:00 . Memory (MB): peak = 1455.430 ; gain = 0.000
Phase 4.4 Final Placement Cleanup | Checksum: e0cbc557

Time (s): cpu = 00:00:04 ; elapsed = 00:00:03 . Memory (MB): peak = 1455.430 ; gain = 9.684
Phase 4 Post Placement Optimization and Clean-Up | Checksum: e0cbc557

Time (s): cpu = 00:00:04 ; elapsed = 00:00:03 . Memory (MB): peak = 1455.430 ; gain = 9.684
Ending Placer Task | Checksum: d0c23de5

Time (s): cpu = 00:00:04 ; elapsed = 00:00:03 . Memory (MB): peak = 1455.430 ; gain = 9.684
INFO: [Common 17-83] Releasing license: Implementation
60 Infos, 0 Warnings, 0 Critical Warnings and 0 Errors encountered.
place_design completed successfully
INFO: [Timing 38-480] Writing timing data to binary archive.
Writing placer database...
Writing XDEF routing.
Writing XDEF routing logical nets.
Writing XDEF routing special nets.
Write XDEF Complete: Time (s): cpu = 00:00:01 ; elapsed = 00:00:00.108 . Memory (MB): peak = 1455.430 ; gain = 0.000
INFO: [Common 17-1381] The checkpoint 'C:/Users/Kaye/Desktop/ComStruc 50.002/alchitry/500021D/ALU/work/vivado/ALU/ALU.runs/impl_1/au_top_0_placed.dcp' has been generated.
INFO: [runtcl-4] Executing : report_io -file au_top_0_io_placed.rpt
report_io: Time (s): cpu = 00:00:00 ; elapsed = 00:00:00.057 . Memory (MB): peak = 1455.430 ; gain = 0.000
INFO: [runtcl-4] Executing : report_utilization -file au_top_0_utilization_placed.rpt -pb au_top_0_utilization_placed.pb
INFO: [runtcl-4] Executing : report_control_sets -verbose -file au_top_0_control_sets_placed.rpt
report_control_sets: Time (s): cpu = 00:00:00 ; elapsed = 00:00:00.005 . Memory (MB): peak = 1455.430 ; gain = 0.000
Command: phys_opt_design
Attempting to get a license for feature 'Implementation' and/or device 'xc7a35t'
INFO: [Common 17-349] Got license for feature 'Implementation' and/or device 'xc7a35t'
INFO: [Vivado_Tcl 4-383] Design worst setup slack (WNS) is greater than or equal to 0.000 ns. Skipping all physical synthesis optimizations.
INFO: [Vivado_Tcl 4-232] No setup violation found. The netlist was not modified.
INFO: [Common 17-83] Releasing license: Implementation
69 Infos, 0 Warnings, 0 Critical Warnings and 0 Errors encountered.
phys_opt_design completed successfully
INFO: [Timing 38-480] Writing timing data to binary archive.
Writing placer database...
Writing XDEF routing.
Writing XDEF routing logical nets.
Writing XDEF routing special nets.
Write XDEF Complete: Time (s): cpu = 00:00:01 ; elapsed = 00:00:00.114 . Memory (MB): peak = 1487.781 ; gain = 17.879
INFO: [Common 17-1381] The checkpoint 'C:/Users/Kaye/Desktop/ComStruc 50.002/alchitry/500021D/ALU/work/vivado/ALU/ALU.runs/impl_1/au_top_0_physopt.dcp' has been generated.
Command: route_design
Attempting to get a license for feature 'Implementation' and/or device 'xc7a35t'
INFO: [Common 17-349] Got license for feature 'Implementation' and/or device 'xc7a35t'
Running DRC as a precondition to command route_design
INFO: [DRC 23-27] Running DRC with 2 threads
INFO: [Vivado_Tcl 4-198] DRC finished with 0 Errors
INFO: [Vivado_Tcl 4-199] Please refer to the DRC report (report_drc) for more information.


Starting Routing Task
INFO: [Route 35-254] Multithreading enabled for route_design using a maximum of 2 CPUs
Checksum: PlaceDB: 45fa4f99 ConstDB: 0 ShapeSum: 8ac7ee4c RouteDB: 0

Phase 1 Build RT Design
Phase 1 Build RT Design | Checksum: 74b54d60

Time (s): cpu = 00:00:18 ; elapsed = 00:00:15 . Memory (MB): peak = 1583.246 ; gain = 82.414
Post Restoration Checksum: NetGraph: 676b6161 NumContArr: d49ebff Constraints: 0 Timing: 0

Phase 2 Router Initialization

Phase 2.1 Create Timer
Phase 2.1 Create Timer | Checksum: 74b54d60

Time (s): cpu = 00:00:18 ; elapsed = 00:00:15 . Memory (MB): peak = 1583.246 ; gain = 82.414

Phase 2.2 Fix Topology Constraints
Phase 2.2 Fix Topology Constraints | Checksum: 74b54d60

Time (s): cpu = 00:00:18 ; elapsed = 00:00:15 . Memory (MB): peak = 1589.270 ; gain = 88.438

Phase 2.3 Pre Route Cleanup
Phase 2.3 Pre Route Cleanup | Checksum: 74b54d60

Time (s): cpu = 00:00:18 ; elapsed = 00:00:15 . Memory (MB): peak = 1589.270 ; gain = 88.438
 Number of Nodes with overlaps = 0

Phase 2.4 Update Timing
Phase 2.4 Update Timing | Checksum: 1aeed6d94

Time (s): cpu = 00:00:18 ; elapsed = 00:00:15 . Memory (MB): peak = 1593.742 ; gain = 92.910
INFO: [Route 35-416] Intermediate Timing Summary | WNS=8.138  | TNS=0.000  | WHS=-0.029 | THS=-0.076 |

Phase 2 Router Initialization | Checksum: 17e3356fc

Time (s): cpu = 00:00:18 ; elapsed = 00:00:15 . Memory (MB): peak = 1593.742 ; gain = 92.910

Router Utilization Summary
  Global Vertical Routing Utilization    = 0 %
  Global Horizontal Routing Utilization  = 0 %
  Routable Net Status*
  *Does not include unroutable nets such as driverless and loadless.
  Run report_route_status for detailed report.
  Number of Failed Nets               = 955
    (Failed Nets is the sum of unrouted and partially routed nets)
  Number of Unrouted Nets             = 955
  Number of Partially Routed Nets     = 0
  Number of Node Overlaps             = 0


Phase 3 Initial Routing
Phase 3 Initial Routing | Checksum: 1e6421924

Time (s): cpu = 00:00:19 ; elapsed = 00:00:16 . Memory (MB): peak = 1594.848 ; gain = 94.016

Phase 4 Rip-up And Reroute

Phase 4.1 Global Iteration 0
 Number of Nodes with overlaps = 98
 Number of Nodes with overlaps = 0
INFO: [Route 35-416] Intermediate Timing Summary | WNS=7.756  | TNS=0.000  | WHS=N/A    | THS=N/A    |

Phase 4.1 Global Iteration 0 | Checksum: bf27896b

Time (s): cpu = 00:00:19 ; elapsed = 00:00:16 . Memory (MB): peak = 1594.855 ; gain = 94.023
Phase 4 Rip-up And Reroute | Checksum: bf27896b

Time (s): cpu = 00:00:19 ; elapsed = 00:00:16 . Memory (MB): peak = 1594.855 ; gain = 94.023

Phase 5 Delay and Skew Optimization

Phase 5.1 Delay CleanUp
Phase 5.1 Delay CleanUp | Checksum: bf27896b

Time (s): cpu = 00:00:19 ; elapsed = 00:00:16 . Memory (MB): peak = 1594.855 ; gain = 94.023

Phase 5.2 Clock Skew Optimization
Phase 5.2 Clock Skew Optimization | Checksum: bf27896b

Time (s): cpu = 00:00:19 ; elapsed = 00:00:16 . Memory (MB): peak = 1594.855 ; gain = 94.023
Phase 5 Delay and Skew Optimization | Checksum: bf27896b

Time (s): cpu = 00:00:19 ; elapsed = 00:00:16 . Memory (MB): peak = 1594.855 ; gain = 94.023

Phase 6 Post Hold Fix

Phase 6.1 Hold Fix Iter

Phase 6.1.1 Update Timing
Phase 6.1.1 Update Timing | Checksum: cb1e074b

Time (s): cpu = 00:00:19 ; elapsed = 00:00:16 . Memory (MB): peak = 1594.855 ; gain = 94.023
INFO: [Route 35-416] Intermediate Timing Summary | WNS=7.850  | TNS=0.000  | WHS=0.255  | THS=0.000  |

Phase 6.1 Hold Fix Iter | Checksum: cb1e074b

Time (s): cpu = 00:00:19 ; elapsed = 00:00:16 . Memory (MB): peak = 1594.855 ; gain = 94.023
Phase 6 Post Hold Fix | Checksum: cb1e074b

Time (s): cpu = 00:00:19 ; elapsed = 00:00:16 . Memory (MB): peak = 1594.855 ; gain = 94.023

Phase 7 Route finalize

Router Utilization Summary
  Global Vertical Routing Utilization    = 0.259587 %
  Global Horizontal Routing Utilization  = 0.341749 %
  Routable Net Status*
  *Does not include unroutable nets such as driverless and loadless.
  Run report_route_status for detailed report.
  Number of Failed Nets               = 0
    (Failed Nets is the sum of unrouted and partially routed nets)
  Number of Unrouted Nets             = 0
  Number of Partially Routed Nets     = 0
  Number of Node Overlaps             = 0

Phase 7 Route finalize | Checksum: cb1e074b

Time (s): cpu = 00:00:19 ; elapsed = 00:00:16 . Memory (MB): peak = 1594.855 ; gain = 94.023

Phase 8 Verifying routed nets

 Verification completed successfully
Phase 8 Verifying routed nets | Checksum: cb1e074b

Time (s): cpu = 00:00:19 ; elapsed = 00:00:16 . Memory (MB): peak = 1596.918 ; gain = 96.086

Phase 9 Depositing Routes
Phase 9 Depositing Routes | Checksum: cbb8dac7

Time (s): cpu = 00:00:19 ; elapsed = 00:00:16 . Memory (MB): peak = 1596.918 ; gain = 96.086

Phase 10 Post Router Timing
INFO: [Route 35-57] Estimated Timing Summary | WNS=7.850  | TNS=0.000  | WHS=0.255  | THS=0.000  |

INFO: [Route 35-327] The final timing numbers are based on the router estimated timing analysis. For a complete and accurate timing signoff, please run report_timing_summary.
Phase 10 Post Router Timing | Checksum: cbb8dac7

Time (s): cpu = 00:00:19 ; elapsed = 00:00:16 . Memory (MB): peak = 1596.918 ; gain = 96.086
INFO: [Route 35-16] Router Completed Successfully

Time (s): cpu = 00:00:19 ; elapsed = 00:00:16 . Memory (MB): peak = 1596.918 ; gain = 96.086

Routing Is Done.
INFO: [Common 17-83] Releasing license: Implementation
83 Infos, 0 Warnings, 0 Critical Warnings and 0 Errors encountered.
route_design completed successfully
route_design: Time (s): cpu = 00:00:20 ; elapsed = 00:00:17 . Memory (MB): peak = 1596.918 ; gain = 109.137
INFO: [Timing 38-480] Writing timing data to binary archive.
Writing placer database...
Writing XDEF routing.
Writing XDEF routing logical nets.
Writing XDEF routing special nets.
Write XDEF Complete: Time (s): cpu = 00:00:01 ; elapsed = 00:00:00.131 . Memory (MB): peak = 1606.781 ; gain = 9.863
INFO: [Common 17-1381] The checkpoint 'C:/Users/Kaye/Desktop/ComStruc 50.002/alchitry/500021D/ALU/work/vivado/ALU/ALU.runs/impl_1/au_top_0_routed.dcp' has been generated.
INFO: [runtcl-4] Executing : report_drc -file au_top_0_drc_routed.rpt -pb au_top_0_drc_routed.pb -rpx au_top_0_drc_routed.rpx
Command: report_drc -file au_top_0_drc_routed.rpt -pb au_top_0_drc_routed.pb -rpx au_top_0_drc_routed.rpx
INFO: [IP_Flow 19-1839] IP Catalog is up to date.
INFO: [DRC 23-27] Running DRC with 2 threads
INFO: [Coretcl 2-168] The results of DRC are in file C:/Users/Kaye/Desktop/ComStruc 50.002/alchitry/500021D/ALU/work/vivado/ALU/ALU.runs/impl_1/au_top_0_drc_routed.rpt.
report_drc completed successfully
INFO: [runtcl-4] Executing : report_methodology -file au_top_0_methodology_drc_routed.rpt -pb au_top_0_methodology_drc_routed.pb -rpx au_top_0_methodology_drc_routed.rpx
Command: report_methodology -file au_top_0_methodology_drc_routed.rpt -pb au_top_0_methodology_drc_routed.pb -rpx au_top_0_methodology_drc_routed.rpx
INFO: [Timing 38-35] Done setting XDC timing constraints.
INFO: [DRC 23-133] Running Methodology with 2 threads
INFO: [Coretcl 2-1520] The results of Report Methodology are in file C:/Users/Kaye/Desktop/ComStruc 50.002/alchitry/500021D/ALU/work/vivado/ALU/ALU.runs/impl_1/au_top_0_methodology_drc_routed.rpt.
report_methodology completed successfully
INFO: [runtcl-4] Executing : report_power -file au_top_0_power_routed.rpt -pb au_top_0_power_summary_routed.pb -rpx au_top_0_power_routed.rpx
Command: report_power -file au_top_0_power_routed.rpt -pb au_top_0_power_summary_routed.pb -rpx au_top_0_power_routed.rpx
INFO: [Timing 38-35] Done setting XDC timing constraints.
Running Vector-less Activity Propagation...

Finished Running Vector-less Activity Propagation
95 Infos, 0 Warnings, 0 Critical Warnings and 0 Errors encountered.
report_power completed successfully
INFO: [runtcl-4] Executing : report_route_status -file au_top_0_route_status.rpt -pb au_top_0_route_status.pb
INFO: [runtcl-4] Executing : report_timing_summary -max_paths 10 -file au_top_0_timing_summary_routed.rpt -pb au_top_0_timing_summary_routed.pb -rpx au_top_0_timing_summary_routed.rpx -warn_on_violation 
INFO: [Timing 38-91] UpdateTimingParams: Speed grade: -1, Delay Type: min_max.
INFO: [Timing 38-191] Multithreading enabled for timing update using a maximum of 2 CPUs
INFO: [runtcl-4] Executing : report_incremental_reuse -file au_top_0_incremental_reuse_routed.rpt
INFO: [Vivado_Tcl 4-1062] Incremental flow is disabled. No incremental reuse Info to report.
INFO: [runtcl-4] Executing : report_clock_utilization -file au_top_0_clock_utilization_routed.rpt
INFO: [runtcl-4] Executing : report_bus_skew -warn_on_violation -file au_top_0_bus_skew_routed.rpt -pb au_top_0_bus_skew_routed.pb -rpx au_top_0_bus_skew_routed.rpx
INFO: [Timing 38-91] UpdateTimingParams: Speed grade: -1, Delay Type: min_max.
INFO: [Timing 38-191] Multithreading enabled for timing update using a maximum of 2 CPUs
Command: write_bitstream -force au_top_0.bit -bin_file
Attempting to get a license for feature 'Implementation' and/or device 'xc7a35t'
INFO: [Common 17-349] Got license for feature 'Implementation' and/or device 'xc7a35t'
Running DRC as a precondition to command write_bitstream
INFO: [IP_Flow 19-1839] IP Catalog is up to date.
INFO: [DRC 23-27] Running DRC with 2 threads
WARNING: [DRC PDRC-153] Gated clock check: Net alu/cmp/q_reg[0]_i_2_n_0 is a gated clock net sourced by a combinational pin alu/cmp/q_reg[0]_i_2/O, cell alu/cmp/q_reg[0]_i_2. This is not good design practice and will likely impact performance. For SLICE registers, for example, use the CE pin to control the loading of data.
WARNING: [DRC PDRC-153] Gated clock check: Net alu/shiftadd/M_shifter_b__0[4] is a gated clock net sourced by a combinational pin alu/shiftadd/M_shifter_a_reg[33]_i_1/O, cell alu/shiftadd/M_shifter_a_reg[33]_i_1. This is not good design practice and will likely impact performance. For SLICE registers, for example, use the CE pin to control the loading of data.
INFO: [Vivado 12-3199] DRC finished with 0 Errors, 2 Warnings
INFO: [Vivado 12-3200] Please refer to the DRC report (report_drc) for more information.
INFO: [Designutils 20-2272] Running write_bitstream with 2 threads.
Loading data files...
Loading site data...
Loading route data...
Processing options...
Creating bitmap...
Creating bitstream...
Bitstream compression saved 12617824 bits.
Writing bitstream ./au_top_0.bit...
Writing bitstream ./au_top_0.bin...
INFO: [Vivado 12-1842] Bitgen Completed Successfully.
INFO: [Project 1-120] WebTalk data collection is mandatory when using a WebPACK part without a full Vivado license. To see the specific WebTalk data collected for your design, open the usage_statistics_webtalk.html or usage_statistics_webtalk.xml file in the implementation directory.
INFO: [Common 17-83] Releasing license: Implementation
114 Infos, 2 Warnings, 0 Critical Warnings and 0 Errors encountered.
write_bitstream completed successfully
write_bitstream: Time (s): cpu = 00:00:12 ; elapsed = 00:00:12 . Memory (MB): peak = 2053.383 ; gain = 409.641
INFO: [Common 17-206] Exiting Vivado at Tue Nov 17 18:44:28 2020...
[Tue Nov 17 18:44:33 2020] impl_1 finished
wait_on_run: Time (s): cpu = 00:00:00 ; elapsed = 00:01:11 . Memory (MB): peak = 1014.152 ; gain = 0.000
INFO: [Common 17-206] Exiting Vivado at Tue Nov 17 18:44:33 2020...

Finished building project.
